2015/11/25 13:39:35 [error] [php] simplexml_load_string() [<a href='function.simplexml-load-string'>function.simplexml-load-string</a>]: Entity: line 1: parser error : Start tag expected, '&lt;' not found (C:\AppServ\www\mexico-news-travel\protected\components\WebServices.php:81)
Stack trace:
#0 C:\AppServ\www\mexico-news-travel\lib\yii\web\actions\CInlineAction.php(50): CheckoutController->actionIndex()
#1 C:\AppServ\www\mexico-news-travel\lib\yii\web\CController.php(300): CInlineAction->runWithParams()
#2 C:\AppServ\www\mexico-news-travel\lib\yii\web\CController.php(278): CheckoutController->runAction()
#3 C:\AppServ\www\mexico-news-travel\lib\yii\web\CController.php(257): CheckoutController->runActionWithFilters()
#4 C:\AppServ\www\mexico-news-travel\lib\yii\web\CWebApplication.php(277): CheckoutController->run()
#5 C:\AppServ\www\mexico-news-travel\lib\yii\web\CWebApplication.php(136): CWebApplication->runController()
#6 C:\AppServ\www\mexico-news-travel\lib\yii\base\CApplication.php(158): CWebApplication->processRequest()
#7 C:\AppServ\www\mexico-news-travel\index.php(23): CWebApplication->run()
REQUEST_URI=/checkout/index.html
2015/11/26 12:03:19 [error] [exception.CHttpException.404] exception 'CHttpException' with message 'Unable to resolve the request "favicon.ico".' in C:\AppServ\www\mexico-news-travel\lib\yii\web\CWebApplication.php:281
Stack trace:
#0 C:\AppServ\www\mexico-news-travel\lib\yii\web\CWebApplication.php(136): CWebApplication->runController('favicon.ico')
#1 C:\AppServ\www\mexico-news-travel\lib\yii\base\CApplication.php(158): CWebApplication->processRequest()
#2 C:\AppServ\www\mexico-news-travel\index.php(23): CApplication->run()
#3 {main} REQUEST_URI=/favicon.ico
2015/11/28 09:47:51 [error] [exception.CHttpException.404] exception 'CHttpException' with message 'Unable to resolve the request "favicon.ico".' in C:\AppServ\www\mexico-news-travel\lib\yii\web\CWebApplication.php:281
Stack trace:
#0 C:\AppServ\www\mexico-news-travel\lib\yii\web\CWebApplication.php(136): CWebApplication->runController('favicon.ico')
#1 C:\AppServ\www\mexico-news-travel\lib\yii\base\CApplication.php(158): CWebApplication->processRequest()
#2 C:\AppServ\www\mexico-news-travel\index.php(23): CApplication->run()
#3 {main} REQUEST_URI=/favicon.ico
2015/11/30 17:15:16 [error] [exception.CHttpException.404] exception 'CHttpException' with message 'Unable to resolve the request "favicon.ico".' in C:\AppServ\www\mexico-news-travel\lib\yii\web\CWebApplication.php:281
Stack trace:
#0 C:\AppServ\www\mexico-news-travel\lib\yii\web\CWebApplication.php(136): CWebApplication->runController('favicon.ico')
#1 C:\AppServ\www\mexico-news-travel\lib\yii\base\CApplication.php(158): CWebApplication->processRequest()
#2 C:\AppServ\www\mexico-news-travel\index.php(23): CApplication->run()
#3 {main} REQUEST_URI=/favicon.ico
2015/12/11 12:08:25 [error] [exception.CHttpException.404] exception 'CHttpException' with message 'Unable to resolve the request "favicon.ico".' in C:\AppServ\www\mexico-news-travel\lib\yii\web\CWebApplication.php:281
Stack trace:
#0 C:\AppServ\www\mexico-news-travel\lib\yii\web\CWebApplication.php(136): CWebApplication->runController('favicon.ico')
#1 C:\AppServ\www\mexico-news-travel\lib\yii\base\CApplication.php(158): CWebApplication->processRequest()
#2 C:\AppServ\www\mexico-news-travel\index.php(23): CApplication->run()
#3 {main} REQUEST_URI=/favicon.ico
2015/12/12 10:52:24 [error] [exception.CHttpException.404] exception 'CHttpException' with message 'Unable to resolve the request "favicon.ico".' in C:\AppServ\www\mexico-news-travel\lib\yii\web\CWebApplication.php:281
Stack trace:
#0 C:\AppServ\www\mexico-news-travel\lib\yii\web\CWebApplication.php(136): CWebApplication->runController('favicon.ico')
#1 C:\AppServ\www\mexico-news-travel\lib\yii\base\CApplication.php(158): CWebApplication->processRequest()
#2 C:\AppServ\www\mexico-news-travel\index.php(23): CApplication->run()
#3 {main} REQUEST_URI=/favicon.ico
2015/12/17 11:39:13 [error] [exception.CHttpException.404] exception 'CHttpException' with message 'Unable to resolve the request "favicon.ico".' in C:\AppServ\www\mexico-news-travel\lib\yii\web\CWebApplication.php:281
Stack trace:
#0 C:\AppServ\www\mexico-news-travel\lib\yii\web\CWebApplication.php(136): CWebApplication->runController('favicon.ico')
#1 C:\AppServ\www\mexico-news-travel\lib\yii\base\CApplication.php(158): CWebApplication->processRequest()
#2 C:\AppServ\www\mexico-news-travel\index.php(23): CApplication->run()
#3 {main} REQUEST_URI=/favicon.ico
2015/12/18 12:11:12 [error] [exception.CHttpException.404] exception 'CHttpException' with message 'Unable to resolve the request "favicon.ico".' in C:\AppServ\www\mexico-news-travel\lib\yii\web\CWebApplication.php:281
Stack trace:
#0 C:\AppServ\www\mexico-news-travel\lib\yii\web\CWebApplication.php(136): CWebApplication->runController('favicon.ico')
#1 C:\AppServ\www\mexico-news-travel\lib\yii\base\CApplication.php(158): CWebApplication->processRequest()
#2 C:\AppServ\www\mexico-news-travel\index.php(23): CApplication->run()
#3 {main} REQUEST_URI=/favicon.ico
2015/12/21 09:46:33 [error] [exception.CHttpException.404] exception 'CHttpException' with message 'Unable to resolve the request "favicon.ico".' in C:\AppServ\www\mexico-news-travel\lib\yii\web\CWebApplication.php:281
Stack trace:
#0 C:\AppServ\www\mexico-news-travel\lib\yii\web\CWebApplication.php(136): CWebApplication->runController('favicon.ico')
#1 C:\AppServ\www\mexico-news-travel\lib\yii\base\CApplication.php(158): CWebApplication->processRequest()
#2 C:\AppServ\www\mexico-news-travel\index.php(23): CApplication->run()
#3 {main} REQUEST_URI=/favicon.ico
