2015/11/06 11:05:26 [error] [exception.CHttpException.404] exception 'CHttpException' with message 'Unable to resolve the request "cdn.lomastravel.com.mx/img_promociones/1434042747ad1da224b7c7d9067a1e95bf5ea80d6b_20150611.jpg".' in C:\AppServ\www\mexico-news-travel\lib\yii\web\CWebApplication.php:281
Stack trace:
#0 C:\AppServ\www\mexico-news-travel\lib\yii\web\CWebApplication.php(136): CWebApplication->runController('cdn.lomastravel...')
#1 C:\AppServ\www\mexico-news-travel\lib\yii\base\CApplication.php(158): CWebApplication->processRequest()
#2 C:\AppServ\www\mexico-news-travel\es\index.php(24): CApplication->run()
#3 {main} REQUEST_URI=/es//cdn.lomastravel.com.mx/img_promociones/1434042747ad1da224b7c7d9067a1e95bf5ea80d6b_20150611.jpg
2015/11/06 11:05:27 [error] [exception.CHttpException.404] exception 'CHttpException' with message 'Unable to resolve the request "cdn.lomastravel.com.mx/img_promociones/1434037766ad1da224b7c7d9067a1e95bf5ea80d6b_20150611.jpg".' in C:\AppServ\www\mexico-news-travel\lib\yii\web\CWebApplication.php:281
Stack trace:
#0 C:\AppServ\www\mexico-news-travel\lib\yii\web\CWebApplication.php(136): CWebApplication->runController('cdn.lomastravel...')
#1 C:\AppServ\www\mexico-news-travel\lib\yii\base\CApplication.php(158): CWebApplication->processRequest()
#2 C:\AppServ\www\mexico-news-travel\es\index.php(24): CApplication->run()
#3 {main} REQUEST_URI=/es//cdn.lomastravel.com.mx/img_promociones/1434037766ad1da224b7c7d9067a1e95bf5ea80d6b_20150611.jpg
2015/11/06 11:06:37 [error] [exception.CHttpException.404] exception 'CHttpException' with message 'Unable to resolve the request "cdn.lomastravel.com.mx/img_promociones/1433970399ad1da224b7c7d9067a1e95bf5ea80d6b_20150610.jpg".' in C:\AppServ\www\mexico-news-travel\lib\yii\web\CWebApplication.php:281
Stack trace:
#0 C:\AppServ\www\mexico-news-travel\lib\yii\web\CWebApplication.php(136): CWebApplication->runController('cdn.lomastravel...')
#1 C:\AppServ\www\mexico-news-travel\lib\yii\base\CApplication.php(158): CWebApplication->processRequest()
#2 C:\AppServ\www\mexico-news-travel\es\index.php(24): CApplication->run()
#3 {main} REQUEST_URI=/es//cdn.lomastravel.com.mx/img_promociones/1433970399ad1da224b7c7d9067a1e95bf5ea80d6b_20150610.jpg
2015/11/06 11:06:38 [error] [exception.CHttpException.404] exception 'CHttpException' with message 'Unable to resolve the request "cdn.lomastravel.com.mx/img_promociones/1434037766ad1da224b7c7d9067a1e95bf5ea80d6b_20150611.jpg".' in C:\AppServ\www\mexico-news-travel\lib\yii\web\CWebApplication.php:281
Stack trace:
#0 C:\AppServ\www\mexico-news-travel\lib\yii\web\CWebApplication.php(136): CWebApplication->runController('cdn.lomastravel...')
#1 C:\AppServ\www\mexico-news-travel\lib\yii\base\CApplication.php(158): CWebApplication->processRequest()
#2 C:\AppServ\www\mexico-news-travel\es\index.php(24): CApplication->run()
#3 {main} REQUEST_URI=/es//cdn.lomastravel.com.mx/img_promociones/1434037766ad1da224b7c7d9067a1e95bf5ea80d6b_20150611.jpg
2015/11/06 11:06:39 [error] [exception.CHttpException.404] exception 'CHttpException' with message 'Unable to resolve the request "cdn.lomastravel.com.mx/img_promociones/1434042747ad1da224b7c7d9067a1e95bf5ea80d6b_20150611.jpg".' in C:\AppServ\www\mexico-news-travel\lib\yii\web\CWebApplication.php:281
Stack trace:
#0 C:\AppServ\www\mexico-news-travel\lib\yii\web\CWebApplication.php(136): CWebApplication->runController('cdn.lomastravel...')
#1 C:\AppServ\www\mexico-news-travel\lib\yii\base\CApplication.php(158): CWebApplication->processRequest()
#2 C:\AppServ\www\mexico-news-travel\es\index.php(24): CApplication->run()
#3 {main} REQUEST_URI=/es//cdn.lomastravel.com.mx/img_promociones/1434042747ad1da224b7c7d9067a1e95bf5ea80d6b_20150611.jpg
2015/11/06 11:06:39 [error] [exception.CHttpException.404] exception 'CHttpException' with message 'Unable to resolve the request "cdn.lomastravel.com.mx/img_promociones/1433970399ad1da224b7c7d9067a1e95bf5ea80d6b_20150610.jpg".' in C:\AppServ\www\mexico-news-travel\lib\yii\web\CWebApplication.php:281
Stack trace:
#0 C:\AppServ\www\mexico-news-travel\lib\yii\web\CWebApplication.php(136): CWebApplication->runController('cdn.lomastravel...')
#1 C:\AppServ\www\mexico-news-travel\lib\yii\base\CApplication.php(158): CWebApplication->processRequest()
#2 C:\AppServ\www\mexico-news-travel\es\index.php(24): CApplication->run()
#3 {main} REQUEST_URI=/es//cdn.lomastravel.com.mx/img_promociones/1433970399ad1da224b7c7d9067a1e95bf5ea80d6b_20150610.jpg
2015/11/06 11:07:21 [error] [exception.CHttpException.404] exception 'CHttpException' with message 'Unable to resolve the request "cdn.lomastravel.com.mx/img_promociones/1433970399ad1da224b7c7d9067a1e95bf5ea80d6b_20150610.jpg".' in C:\AppServ\www\mexico-news-travel\lib\yii\web\CWebApplication.php:281
Stack trace:
#0 C:\AppServ\www\mexico-news-travel\lib\yii\web\CWebApplication.php(136): CWebApplication->runController('cdn.lomastravel...')
#1 C:\AppServ\www\mexico-news-travel\lib\yii\base\CApplication.php(158): CWebApplication->processRequest()
#2 C:\AppServ\www\mexico-news-travel\es\index.php(24): CApplication->run()
#3 {main} REQUEST_URI=/es//cdn.lomastravel.com.mx/img_promociones/1433970399ad1da224b7c7d9067a1e95bf5ea80d6b_20150610.jpg
2015/11/06 11:07:22 [error] [exception.CHttpException.404] exception 'CHttpException' with message 'Unable to resolve the request "cdn.lomastravel.com.mx/img_promociones/1434042747ad1da224b7c7d9067a1e95bf5ea80d6b_20150611.jpg".' in C:\AppServ\www\mexico-news-travel\lib\yii\web\CWebApplication.php:281
Stack trace:
#0 C:\AppServ\www\mexico-news-travel\lib\yii\web\CWebApplication.php(136): CWebApplication->runController('cdn.lomastravel...')
#1 C:\AppServ\www\mexico-news-travel\lib\yii\base\CApplication.php(158): CWebApplication->processRequest()
#2 C:\AppServ\www\mexico-news-travel\es\index.php(24): CApplication->run()
#3 {main} REQUEST_URI=/es//cdn.lomastravel.com.mx/img_promociones/1434042747ad1da224b7c7d9067a1e95bf5ea80d6b_20150611.jpg
2015/11/06 11:07:23 [error] [exception.CHttpException.404] exception 'CHttpException' with message 'Unable to resolve the request "cdn.lomastravel.com.mx/img_promociones/1434037766ad1da224b7c7d9067a1e95bf5ea80d6b_20150611.jpg".' in C:\AppServ\www\mexico-news-travel\lib\yii\web\CWebApplication.php:281
Stack trace:
#0 C:\AppServ\www\mexico-news-travel\lib\yii\web\CWebApplication.php(136): CWebApplication->runController('cdn.lomastravel...')
#1 C:\AppServ\www\mexico-news-travel\lib\yii\base\CApplication.php(158): CWebApplication->processRequest()
#2 C:\AppServ\www\mexico-news-travel\es\index.php(24): CApplication->run()
#3 {main} REQUEST_URI=/es//cdn.lomastravel.com.mx/img_promociones/1434037766ad1da224b7c7d9067a1e95bf5ea80d6b_20150611.jpg
2015/11/06 11:08:12 [error] [exception.CHttpException.404] exception 'CHttpException' with message 'No es posible resolver la solicitud "cdn.lomastravel.com.mx/img_promociones/1445893021ad1da224b7c7d9067a1e95bf5ea80d6b_20151026.jpg"' in C:\AppServ\www\mexico-news-travel\lib\yii\web\CWebApplication.php:281
Stack trace:
#0 C:\AppServ\www\mexico-news-travel\lib\yii\web\CWebApplication.php(136): CWebApplication->runController('cdn.lomastravel...')
#1 C:\AppServ\www\mexico-news-travel\lib\yii\base\CApplication.php(158): CWebApplication->processRequest()
#2 C:\AppServ\www\mexico-news-travel\es\index.php(24): CApplication->run()
#3 {main} REQUEST_URI=/es//cdn.lomastravel.com.mx/img_promociones/1445893021ad1da224b7c7d9067a1e95bf5ea80d6b_20151026.jpg
2015/11/06 11:08:12 [error] [exception.CHttpException.404] exception 'CHttpException' with message 'No es posible resolver la solicitud "cdn.lomastravel.com.mx/img_promociones/1438441358ad1da224b7c7d9067a1e95bf5ea80d6b_20150801.jpg"' in C:\AppServ\www\mexico-news-travel\lib\yii\web\CWebApplication.php:281
Stack trace:
#0 C:\AppServ\www\mexico-news-travel\lib\yii\web\CWebApplication.php(136): CWebApplication->runController('cdn.lomastravel...')
#1 C:\AppServ\www\mexico-news-travel\lib\yii\base\CApplication.php(158): CWebApplication->processRequest()
#2 C:\AppServ\www\mexico-news-travel\es\index.php(24): CApplication->run()
#3 {main} REQUEST_URI=/es//cdn.lomastravel.com.mx/img_promociones/1438441358ad1da224b7c7d9067a1e95bf5ea80d6b_20150801.jpg
2015/11/06 11:08:14 [error] [exception.CHttpException.404] exception 'CHttpException' with message 'No es posible resolver la solicitud "cdn.lomastravel.com.mx/img_promociones/1445980427ad1da224b7c7d9067a1e95bf5ea80d6b_20151027.jpg"' in C:\AppServ\www\mexico-news-travel\lib\yii\web\CWebApplication.php:281
Stack trace:
#0 C:\AppServ\www\mexico-news-travel\lib\yii\web\CWebApplication.php(136): CWebApplication->runController('cdn.lomastravel...')
#1 C:\AppServ\www\mexico-news-travel\lib\yii\base\CApplication.php(158): CWebApplication->processRequest()
#2 C:\AppServ\www\mexico-news-travel\es\index.php(24): CApplication->run()
#3 {main} REQUEST_URI=/es//cdn.lomastravel.com.mx/img_promociones/1445980427ad1da224b7c7d9067a1e95bf5ea80d6b_20151027.jpg
2015/11/06 11:08:14 [error] [exception.CHttpException.404] exception 'CHttpException' with message 'No es posible resolver la solicitud "cdn.lomastravel.com.mx/img_promociones/1445895362ad1da224b7c7d9067a1e95bf5ea80d6b_20151026.jpg"' in C:\AppServ\www\mexico-news-travel\lib\yii\web\CWebApplication.php:281
Stack trace:
#0 C:\AppServ\www\mexico-news-travel\lib\yii\web\CWebApplication.php(136): CWebApplication->runController('cdn.lomastravel...')
#1 C:\AppServ\www\mexico-news-travel\lib\yii\base\CApplication.php(158): CWebApplication->processRequest()
#2 C:\AppServ\www\mexico-news-travel\es\index.php(24): CApplication->run()
#3 {main} REQUEST_URI=/es//cdn.lomastravel.com.mx/img_promociones/1445895362ad1da224b7c7d9067a1e95bf5ea80d6b_20151026.jpg
2015/11/06 11:08:15 [error] [exception.CHttpException.404] exception 'CHttpException' with message 'No es posible resolver la solicitud "cdn.lomastravel.com.mx/img_promociones/1446560268ad1da224b7c7d9067a1e95bf5ea80d6b_20151103.jpg"' in C:\AppServ\www\mexico-news-travel\lib\yii\web\CWebApplication.php:281
Stack trace:
#0 C:\AppServ\www\mexico-news-travel\lib\yii\web\CWebApplication.php(136): CWebApplication->runController('cdn.lomastravel...')
#1 C:\AppServ\www\mexico-news-travel\lib\yii\base\CApplication.php(158): CWebApplication->processRequest()
#2 C:\AppServ\www\mexico-news-travel\es\index.php(24): CApplication->run()
#3 {main} REQUEST_URI=/es//cdn.lomastravel.com.mx/img_promociones/1446560268ad1da224b7c7d9067a1e95bf5ea80d6b_20151103.jpg
2015/11/06 11:08:16 [error] [exception.CHttpException.404] exception 'CHttpException' with message 'No es posible resolver la solicitud "cdn.lomastravel.com.mx/img_promociones/1444425590ad1da224b7c7d9067a1e95bf5ea80d6b_20151009.jpg"' in C:\AppServ\www\mexico-news-travel\lib\yii\web\CWebApplication.php:281
Stack trace:
#0 C:\AppServ\www\mexico-news-travel\lib\yii\web\CWebApplication.php(136): CWebApplication->runController('cdn.lomastravel...')
#1 C:\AppServ\www\mexico-news-travel\lib\yii\base\CApplication.php(158): CWebApplication->processRequest()
#2 C:\AppServ\www\mexico-news-travel\es\index.php(24): CApplication->run()
#3 {main} REQUEST_URI=/es//cdn.lomastravel.com.mx/img_promociones/1444425590ad1da224b7c7d9067a1e95bf5ea80d6b_20151009.jpg
2015/11/06 11:08:17 [error] [exception.CHttpException.404] exception 'CHttpException' with message 'No es posible resolver la solicitud "cdn.lomastravel.com.mx/img_promociones/1438380470ad1da224b7c7d9067a1e95bf5ea80d6b_20150731.jpg"' in C:\AppServ\www\mexico-news-travel\lib\yii\web\CWebApplication.php:281
Stack trace:
#0 C:\AppServ\www\mexico-news-travel\lib\yii\web\CWebApplication.php(136): CWebApplication->runController('cdn.lomastravel...')
#1 C:\AppServ\www\mexico-news-travel\lib\yii\base\CApplication.php(158): CWebApplication->processRequest()
#2 C:\AppServ\www\mexico-news-travel\es\index.php(24): CApplication->run()
#3 {main} REQUEST_URI=/es//cdn.lomastravel.com.mx/img_promociones/1438380470ad1da224b7c7d9067a1e95bf5ea80d6b_20150731.jpg
2015/11/06 11:08:18 [error] [exception.CHttpException.404] exception 'CHttpException' with message 'No es posible resolver la solicitud "cdn.lomastravel.com.mx/img_promociones/1445954551ad1da224b7c7d9067a1e95bf5ea80d6b_20151027.jpg"' in C:\AppServ\www\mexico-news-travel\lib\yii\web\CWebApplication.php:281
Stack trace:
#0 C:\AppServ\www\mexico-news-travel\lib\yii\web\CWebApplication.php(136): CWebApplication->runController('cdn.lomastravel...')
#1 C:\AppServ\www\mexico-news-travel\lib\yii\base\CApplication.php(158): CWebApplication->processRequest()
#2 C:\AppServ\www\mexico-news-travel\es\index.php(24): CApplication->run()
#3 {main} REQUEST_URI=/es//cdn.lomastravel.com.mx/img_promociones/1445954551ad1da224b7c7d9067a1e95bf5ea80d6b_20151027.jpg
2015/11/06 11:08:19 [error] [exception.CHttpException.404] exception 'CHttpException' with message 'No es posible resolver la solicitud "cdn.lomastravel.com.mx/img_promociones/1446137304ad1da224b7c7d9067a1e95bf5ea80d6b_20151029.jpg"' in C:\AppServ\www\mexico-news-travel\lib\yii\web\CWebApplication.php:281
Stack trace:
#0 C:\AppServ\www\mexico-news-travel\lib\yii\web\CWebApplication.php(136): CWebApplication->runController('cdn.lomastravel...')
#1 C:\AppServ\www\mexico-news-travel\lib\yii\base\CApplication.php(158): CWebApplication->processRequest()
#2 C:\AppServ\www\mexico-news-travel\es\index.php(24): CApplication->run()
#3 {main} REQUEST_URI=/es//cdn.lomastravel.com.mx/img_promociones/1446137304ad1da224b7c7d9067a1e95bf5ea80d6b_20151029.jpg
2015/11/06 11:08:19 [error] [exception.CHttpException.404] exception 'CHttpException' with message 'No es posible resolver la solicitud "cdn.lomastravel.com.mx/img_promociones/1445958877ad1da224b7c7d9067a1e95bf5ea80d6b_20151027.jpg"' in C:\AppServ\www\mexico-news-travel\lib\yii\web\CWebApplication.php:281
Stack trace:
#0 C:\AppServ\www\mexico-news-travel\lib\yii\web\CWebApplication.php(136): CWebApplication->runController('cdn.lomastravel...')
#1 C:\AppServ\www\mexico-news-travel\lib\yii\base\CApplication.php(158): CWebApplication->processRequest()
#2 C:\AppServ\www\mexico-news-travel\es\index.php(24): CApplication->run()
#3 {main} REQUEST_URI=/es//cdn.lomastravel.com.mx/img_promociones/1445958877ad1da224b7c7d9067a1e95bf5ea80d6b_20151027.jpg
2015/11/06 11:08:20 [error] [exception.CHttpException.404] exception 'CHttpException' with message 'No es posible resolver la solicitud "img/promociones/oasis_mediana.jpg"' in C:\AppServ\www\mexico-news-travel\lib\yii\web\CWebApplication.php:281
Stack trace:
#0 C:\AppServ\www\mexico-news-travel\lib\yii\web\CWebApplication.php(136): CWebApplication->runController('img/promociones...')
#1 C:\AppServ\www\mexico-news-travel\lib\yii\base\CApplication.php(158): CWebApplication->processRequest()
#2 C:\AppServ\www\mexico-news-travel\es\index.php(24): CApplication->run()
#3 {main} REQUEST_URI=/es/img/promociones/oasis_mediana.jpg
2015/11/06 11:08:21 [error] [exception.CHttpException.404] exception 'CHttpException' with message 'No es posible resolver la solicitud "img/promociones/palace_mediana.jpg"' in C:\AppServ\www\mexico-news-travel\lib\yii\web\CWebApplication.php:281
Stack trace:
#0 C:\AppServ\www\mexico-news-travel\lib\yii\web\CWebApplication.php(136): CWebApplication->runController('img/promociones...')
#1 C:\AppServ\www\mexico-news-travel\lib\yii\base\CApplication.php(158): CWebApplication->processRequest()
#2 C:\AppServ\www\mexico-news-travel\es\index.php(24): CApplication->run()
#3 {main} REQUEST_URI=/es/img/promociones/palace_mediana.jpg
2015/11/06 11:08:22 [error] [exception.CHttpException.404] exception 'CHttpException' with message 'No es posible resolver la solicitud "cdn.lomastravel.com.mx/img_promociones/1433970399ad1da224b7c7d9067a1e95bf5ea80d6b_20150610.jpg"' in C:\AppServ\www\mexico-news-travel\lib\yii\web\CWebApplication.php:281
Stack trace:
#0 C:\AppServ\www\mexico-news-travel\lib\yii\web\CWebApplication.php(136): CWebApplication->runController('cdn.lomastravel...')
#1 C:\AppServ\www\mexico-news-travel\lib\yii\base\CApplication.php(158): CWebApplication->processRequest()
#2 C:\AppServ\www\mexico-news-travel\es\index.php(24): CApplication->run()
#3 {main} REQUEST_URI=/es//cdn.lomastravel.com.mx/img_promociones/1433970399ad1da224b7c7d9067a1e95bf5ea80d6b_20150610.jpg
2015/11/06 11:08:23 [error] [exception.CHttpException.404] exception 'CHttpException' with message 'No es posible resolver la solicitud "cdn.lomastravel.com.mx/img_promociones/1434037766ad1da224b7c7d9067a1e95bf5ea80d6b_20150611.jpg"' in C:\AppServ\www\mexico-news-travel\lib\yii\web\CWebApplication.php:281
Stack trace:
#0 C:\AppServ\www\mexico-news-travel\lib\yii\web\CWebApplication.php(136): CWebApplication->runController('cdn.lomastravel...')
#1 C:\AppServ\www\mexico-news-travel\lib\yii\base\CApplication.php(158): CWebApplication->processRequest()
#2 C:\AppServ\www\mexico-news-travel\es\index.php(24): CApplication->run()
#3 {main} REQUEST_URI=/es//cdn.lomastravel.com.mx/img_promociones/1434037766ad1da224b7c7d9067a1e95bf5ea80d6b_20150611.jpg
2015/11/06 11:08:23 [error] [exception.CHttpException.404] exception 'CHttpException' with message 'No es posible resolver la solicitud "cdn.lomastravel.com.mx/img_promociones/1434042747ad1da224b7c7d9067a1e95bf5ea80d6b_20150611.jpg"' in C:\AppServ\www\mexico-news-travel\lib\yii\web\CWebApplication.php:281
Stack trace:
#0 C:\AppServ\www\mexico-news-travel\lib\yii\web\CWebApplication.php(136): CWebApplication->runController('cdn.lomastravel...')
#1 C:\AppServ\www\mexico-news-travel\lib\yii\base\CApplication.php(158): CWebApplication->processRequest()
#2 C:\AppServ\www\mexico-news-travel\es\index.php(24): CApplication->run()
#3 {main} REQUEST_URI=/es//cdn.lomastravel.com.mx/img_promociones/1434042747ad1da224b7c7d9067a1e95bf5ea80d6b_20150611.jpg
2015/11/06 11:10:21 [error] [exception.CHttpException.404] exception 'CHttpException' with message 'No es posible resolver la solicitud "cdn.lomastravel.com.mx/img_promociones/1434037766ad1da224b7c7d9067a1e95bf5ea80d6b_20150611.jpg"' in C:\AppServ\www\mexico-news-travel\lib\yii\web\CWebApplication.php:281
Stack trace:
#0 C:\AppServ\www\mexico-news-travel\lib\yii\web\CWebApplication.php(136): CWebApplication->runController('cdn.lomastravel...')
#1 C:\AppServ\www\mexico-news-travel\lib\yii\base\CApplication.php(158): CWebApplication->processRequest()
#2 C:\AppServ\www\mexico-news-travel\es\index.php(24): CApplication->run()
#3 {main} REQUEST_URI=/es//cdn.lomastravel.com.mx/img_promociones/1434037766ad1da224b7c7d9067a1e95bf5ea80d6b_20150611.jpg
2015/11/06 11:10:23 [error] [exception.CHttpException.404] exception 'CHttpException' with message 'No es posible resolver la solicitud "cdn.lomastravel.com.mx/img_promociones/1433970399ad1da224b7c7d9067a1e95bf5ea80d6b_20150610.jpg"' in C:\AppServ\www\mexico-news-travel\lib\yii\web\CWebApplication.php:281
Stack trace:
#0 C:\AppServ\www\mexico-news-travel\lib\yii\web\CWebApplication.php(136): CWebApplication->runController('cdn.lomastravel...')
#1 C:\AppServ\www\mexico-news-travel\lib\yii\base\CApplication.php(158): CWebApplication->processRequest()
#2 C:\AppServ\www\mexico-news-travel\es\index.php(24): CApplication->run()
#3 {main} REQUEST_URI=/es//cdn.lomastravel.com.mx/img_promociones/1433970399ad1da224b7c7d9067a1e95bf5ea80d6b_20150610.jpg
2015/11/06 11:10:24 [error] [exception.CHttpException.404] exception 'CHttpException' with message 'No es posible resolver la solicitud "cdn.lomastravel.com.mx/img_promociones/1434042747ad1da224b7c7d9067a1e95bf5ea80d6b_20150611.jpg"' in C:\AppServ\www\mexico-news-travel\lib\yii\web\CWebApplication.php:281
Stack trace:
#0 C:\AppServ\www\mexico-news-travel\lib\yii\web\CWebApplication.php(136): CWebApplication->runController('cdn.lomastravel...')
#1 C:\AppServ\www\mexico-news-travel\lib\yii\base\CApplication.php(158): CWebApplication->processRequest()
#2 C:\AppServ\www\mexico-news-travel\es\index.php(24): CApplication->run()
#3 {main} REQUEST_URI=/es//cdn.lomastravel.com.mx/img_promociones/1434042747ad1da224b7c7d9067a1e95bf5ea80d6b_20150611.jpg
2015/11/06 11:11:19 [error] [exception.CHttpException.404] exception 'CHttpException' with message 'No es posible resolver la solicitud "cdn.lomastravel.com.mx/img_promociones/1434037766ad1da224b7c7d9067a1e95bf5ea80d6b_20150611.jpg"' in C:\AppServ\www\mexico-news-travel\lib\yii\web\CWebApplication.php:281
Stack trace:
#0 C:\AppServ\www\mexico-news-travel\lib\yii\web\CWebApplication.php(136): CWebApplication->runController('cdn.lomastravel...')
#1 C:\AppServ\www\mexico-news-travel\lib\yii\base\CApplication.php(158): CWebApplication->processRequest()
#2 C:\AppServ\www\mexico-news-travel\es\index.php(24): CApplication->run()
#3 {main} REQUEST_URI=/es//cdn.lomastravel.com.mx/img_promociones/1434037766ad1da224b7c7d9067a1e95bf5ea80d6b_20150611.jpg
2015/11/06 11:11:20 [error] [exception.CHttpException.404] exception 'CHttpException' with message 'No es posible resolver la solicitud "cdn.lomastravel.com.mx/img_promociones/1433970399ad1da224b7c7d9067a1e95bf5ea80d6b_20150610.jpg"' in C:\AppServ\www\mexico-news-travel\lib\yii\web\CWebApplication.php:281
Stack trace:
#0 C:\AppServ\www\mexico-news-travel\lib\yii\web\CWebApplication.php(136): CWebApplication->runController('cdn.lomastravel...')
#1 C:\AppServ\www\mexico-news-travel\lib\yii\base\CApplication.php(158): CWebApplication->processRequest()
#2 C:\AppServ\www\mexico-news-travel\es\index.php(24): CApplication->run()
#3 {main} REQUEST_URI=/es//cdn.lomastravel.com.mx/img_promociones/1433970399ad1da224b7c7d9067a1e95bf5ea80d6b_20150610.jpg
2015/11/06 11:11:22 [error] [exception.CHttpException.404] exception 'CHttpException' with message 'No es posible resolver la solicitud "cdn.lomastravel.com.mx/img_promociones/1434042747ad1da224b7c7d9067a1e95bf5ea80d6b_20150611.jpg"' in C:\AppServ\www\mexico-news-travel\lib\yii\web\CWebApplication.php:281
Stack trace:
#0 C:\AppServ\www\mexico-news-travel\lib\yii\web\CWebApplication.php(136): CWebApplication->runController('cdn.lomastravel...')
#1 C:\AppServ\www\mexico-news-travel\lib\yii\base\CApplication.php(158): CWebApplication->processRequest()
#2 C:\AppServ\www\mexico-news-travel\es\index.php(24): CApplication->run()
#3 {main} REQUEST_URI=/es//cdn.lomastravel.com.mx/img_promociones/1434042747ad1da224b7c7d9067a1e95bf5ea80d6b_20150611.jpg
2015/11/06 11:11:42 [error] [exception.CHttpException.404] exception 'CHttpException' with message 'No es posible resolver la solicitud "cdn.lomastravel.com.mx/img_promociones/1433970399ad1da224b7c7d9067a1e95bf5ea80d6b_20150610.jpg"' in C:\AppServ\www\mexico-news-travel\lib\yii\web\CWebApplication.php:281
Stack trace:
#0 C:\AppServ\www\mexico-news-travel\lib\yii\web\CWebApplication.php(136): CWebApplication->runController('cdn.lomastravel...')
#1 C:\AppServ\www\mexico-news-travel\lib\yii\base\CApplication.php(158): CWebApplication->processRequest()
#2 C:\AppServ\www\mexico-news-travel\es\index.php(24): CApplication->run()
#3 {main} REQUEST_URI=/es//cdn.lomastravel.com.mx/img_promociones/1433970399ad1da224b7c7d9067a1e95bf5ea80d6b_20150610.jpg
2015/11/06 11:11:45 [error] [exception.CHttpException.404] exception 'CHttpException' with message 'No es posible resolver la solicitud "cdn.lomastravel.com.mx/img_promociones/1434037766ad1da224b7c7d9067a1e95bf5ea80d6b_20150611.jpg"' in C:\AppServ\www\mexico-news-travel\lib\yii\web\CWebApplication.php:281
Stack trace:
#0 C:\AppServ\www\mexico-news-travel\lib\yii\web\CWebApplication.php(136): CWebApplication->runController('cdn.lomastravel...')
#1 C:\AppServ\www\mexico-news-travel\lib\yii\base\CApplication.php(158): CWebApplication->processRequest()
#2 C:\AppServ\www\mexico-news-travel\es\index.php(24): CApplication->run()
#3 {main} REQUEST_URI=/es//cdn.lomastravel.com.mx/img_promociones/1434037766ad1da224b7c7d9067a1e95bf5ea80d6b_20150611.jpg
2015/11/06 11:11:45 [error] [exception.CHttpException.404] exception 'CHttpException' with message 'No es posible resolver la solicitud "cdn.lomastravel.com.mx/img_promociones/1434042747ad1da224b7c7d9067a1e95bf5ea80d6b_20150611.jpg"' in C:\AppServ\www\mexico-news-travel\lib\yii\web\CWebApplication.php:281
Stack trace:
#0 C:\AppServ\www\mexico-news-travel\lib\yii\web\CWebApplication.php(136): CWebApplication->runController('cdn.lomastravel...')
#1 C:\AppServ\www\mexico-news-travel\lib\yii\base\CApplication.php(158): CWebApplication->processRequest()
#2 C:\AppServ\www\mexico-news-travel\es\index.php(24): CApplication->run()
#3 {main} REQUEST_URI=/es//cdn.lomastravel.com.mx/img_promociones/1434042747ad1da224b7c7d9067a1e95bf5ea80d6b_20150611.jpg
2015/11/06 11:12:13 [error] [exception.CHttpException.404] exception 'CHttpException' with message 'No es posible resolver la solicitud "cdn.lomastravel.com.mx/img_promociones/1433970399ad1da224b7c7d9067a1e95bf5ea80d6b_20150610.jpg"' in C:\AppServ\www\mexico-news-travel\lib\yii\web\CWebApplication.php:281
Stack trace:
#0 C:\AppServ\www\mexico-news-travel\lib\yii\web\CWebApplication.php(136): CWebApplication->runController('cdn.lomastravel...')
#1 C:\AppServ\www\mexico-news-travel\lib\yii\base\CApplication.php(158): CWebApplication->processRequest()
#2 C:\AppServ\www\mexico-news-travel\es\index.php(24): CApplication->run()
#3 {main} REQUEST_URI=/es//cdn.lomastravel.com.mx/img_promociones/1433970399ad1da224b7c7d9067a1e95bf5ea80d6b_20150610.jpg
2015/11/06 11:12:14 [error] [exception.CHttpException.404] exception 'CHttpException' with message 'No es posible resolver la solicitud "cdn.lomastravel.com.mx/img_promociones/1434037766ad1da224b7c7d9067a1e95bf5ea80d6b_20150611.jpg"' in C:\AppServ\www\mexico-news-travel\lib\yii\web\CWebApplication.php:281
Stack trace:
#0 C:\AppServ\www\mexico-news-travel\lib\yii\web\CWebApplication.php(136): CWebApplication->runController('cdn.lomastravel...')
#1 C:\AppServ\www\mexico-news-travel\lib\yii\base\CApplication.php(158): CWebApplication->processRequest()
#2 C:\AppServ\www\mexico-news-travel\es\index.php(24): CApplication->run()
#3 {main} REQUEST_URI=/es//cdn.lomastravel.com.mx/img_promociones/1434037766ad1da224b7c7d9067a1e95bf5ea80d6b_20150611.jpg
2015/11/06 11:12:15 [error] [exception.CHttpException.404] exception 'CHttpException' with message 'No es posible resolver la solicitud "cdn.lomastravel.com.mx/img_promociones/1434042747ad1da224b7c7d9067a1e95bf5ea80d6b_20150611.jpg"' in C:\AppServ\www\mexico-news-travel\lib\yii\web\CWebApplication.php:281
Stack trace:
#0 C:\AppServ\www\mexico-news-travel\lib\yii\web\CWebApplication.php(136): CWebApplication->runController('cdn.lomastravel...')
#1 C:\AppServ\www\mexico-news-travel\lib\yii\base\CApplication.php(158): CWebApplication->processRequest()
#2 C:\AppServ\www\mexico-news-travel\es\index.php(24): CApplication->run()
#3 {main} REQUEST_URI=/es//cdn.lomastravel.com.mx/img_promociones/1434042747ad1da224b7c7d9067a1e95bf5ea80d6b_20150611.jpg
2015/11/06 11:18:50 [error] [exception.CHttpException.404] exception 'CHttpException' with message 'No es posible resolver la solicitud "cdn.lomastravel.com.mx/img_promociones/1433970399ad1da224b7c7d9067a1e95bf5ea80d6b_20150610.jpg"' in C:\AppServ\www\mexico-news-travel\lib\yii\web\CWebApplication.php:281
Stack trace:
#0 C:\AppServ\www\mexico-news-travel\lib\yii\web\CWebApplication.php(136): CWebApplication->runController('cdn.lomastravel...')
#1 C:\AppServ\www\mexico-news-travel\lib\yii\base\CApplication.php(158): CWebApplication->processRequest()
#2 C:\AppServ\www\mexico-news-travel\es\index.php(24): CApplication->run()
#3 {main} REQUEST_URI=/es//cdn.lomastravel.com.mx/img_promociones/1433970399ad1da224b7c7d9067a1e95bf5ea80d6b_20150610.jpg
2015/11/06 11:18:51 [error] [exception.CHttpException.404] exception 'CHttpException' with message 'No es posible resolver la solicitud "cdn.lomastravel.com.mx/img_promociones/1434042747ad1da224b7c7d9067a1e95bf5ea80d6b_20150611.jpg"' in C:\AppServ\www\mexico-news-travel\lib\yii\web\CWebApplication.php:281
Stack trace:
#0 C:\AppServ\www\mexico-news-travel\lib\yii\web\CWebApplication.php(136): CWebApplication->runController('cdn.lomastravel...')
#1 C:\AppServ\www\mexico-news-travel\lib\yii\base\CApplication.php(158): CWebApplication->processRequest()
#2 C:\AppServ\www\mexico-news-travel\es\index.php(24): CApplication->run()
#3 {main} REQUEST_URI=/es//cdn.lomastravel.com.mx/img_promociones/1434042747ad1da224b7c7d9067a1e95bf5ea80d6b_20150611.jpg
2015/11/06 11:18:52 [error] [exception.CHttpException.404] exception 'CHttpException' with message 'No es posible resolver la solicitud "cdn.lomastravel.com.mx/img_promociones/1434037766ad1da224b7c7d9067a1e95bf5ea80d6b_20150611.jpg"' in C:\AppServ\www\mexico-news-travel\lib\yii\web\CWebApplication.php:281
Stack trace:
#0 C:\AppServ\www\mexico-news-travel\lib\yii\web\CWebApplication.php(136): CWebApplication->runController('cdn.lomastravel...')
#1 C:\AppServ\www\mexico-news-travel\lib\yii\base\CApplication.php(158): CWebApplication->processRequest()
#2 C:\AppServ\www\mexico-news-travel\es\index.php(24): CApplication->run()
#3 {main} REQUEST_URI=/es//cdn.lomastravel.com.mx/img_promociones/1434037766ad1da224b7c7d9067a1e95bf5ea80d6b_20150611.jpg
2015/11/06 11:21:46 [error] [exception.CHttpException.404] exception 'CHttpException' with message 'No es posible resolver la solicitud "cdn.lomastravel.com.mx/img_promociones/1433970399ad1da224b7c7d9067a1e95bf5ea80d6b_20150610.jpg"' in C:\AppServ\www\mexico-news-travel\lib\yii\web\CWebApplication.php:281
Stack trace:
#0 C:\AppServ\www\mexico-news-travel\lib\yii\web\CWebApplication.php(136): CWebApplication->runController('cdn.lomastravel...')
#1 C:\AppServ\www\mexico-news-travel\lib\yii\base\CApplication.php(158): CWebApplication->processRequest()
#2 C:\AppServ\www\mexico-news-travel\es\index.php(24): CApplication->run()
#3 {main} REQUEST_URI=/es//cdn.lomastravel.com.mx/img_promociones/1433970399ad1da224b7c7d9067a1e95bf5ea80d6b_20150610.jpg
2015/11/06 11:21:47 [error] [exception.CHttpException.404] exception 'CHttpException' with message 'No es posible resolver la solicitud "cdn.lomastravel.com.mx/img_promociones/1434037766ad1da224b7c7d9067a1e95bf5ea80d6b_20150611.jpg"' in C:\AppServ\www\mexico-news-travel\lib\yii\web\CWebApplication.php:281
Stack trace:
#0 C:\AppServ\www\mexico-news-travel\lib\yii\web\CWebApplication.php(136): CWebApplication->runController('cdn.lomastravel...')
#1 C:\AppServ\www\mexico-news-travel\lib\yii\base\CApplication.php(158): CWebApplication->processRequest()
#2 C:\AppServ\www\mexico-news-travel\es\index.php(24): CApplication->run()
#3 {main} REQUEST_URI=/es//cdn.lomastravel.com.mx/img_promociones/1434037766ad1da224b7c7d9067a1e95bf5ea80d6b_20150611.jpg
2015/11/06 11:21:48 [error] [exception.CHttpException.404] exception 'CHttpException' with message 'No es posible resolver la solicitud "cdn.lomastravel.com.mx/img_promociones/1434042747ad1da224b7c7d9067a1e95bf5ea80d6b_20150611.jpg"' in C:\AppServ\www\mexico-news-travel\lib\yii\web\CWebApplication.php:281
Stack trace:
#0 C:\AppServ\www\mexico-news-travel\lib\yii\web\CWebApplication.php(136): CWebApplication->runController('cdn.lomastravel...')
#1 C:\AppServ\www\mexico-news-travel\lib\yii\base\CApplication.php(158): CWebApplication->processRequest()
#2 C:\AppServ\www\mexico-news-travel\es\index.php(24): CApplication->run()
#3 {main} REQUEST_URI=/es//cdn.lomastravel.com.mx/img_promociones/1434042747ad1da224b7c7d9067a1e95bf5ea80d6b_20150611.jpg
2015/11/06 11:22:10 [error] [exception.CHttpException.404] exception 'CHttpException' with message 'No es posible resolver la solicitud "cdn.lomastravel.com.mx/img_promociones/1434037766ad1da224b7c7d9067a1e95bf5ea80d6b_20150611.jpg"' in C:\AppServ\www\mexico-news-travel\lib\yii\web\CWebApplication.php:281
Stack trace:
#0 C:\AppServ\www\mexico-news-travel\lib\yii\web\CWebApplication.php(136): CWebApplication->runController('cdn.lomastravel...')
#1 C:\AppServ\www\mexico-news-travel\lib\yii\base\CApplication.php(158): CWebApplication->processRequest()
#2 C:\AppServ\www\mexico-news-travel\es\index.php(24): CApplication->run()
#3 {main} REQUEST_URI=/es//cdn.lomastravel.com.mx/img_promociones/1434037766ad1da224b7c7d9067a1e95bf5ea80d6b_20150611.jpg
2015/11/06 11:22:11 [error] [exception.CHttpException.404] exception 'CHttpException' with message 'No es posible resolver la solicitud "cdn.lomastravel.com.mx/img_promociones/1433970399ad1da224b7c7d9067a1e95bf5ea80d6b_20150610.jpg"' in C:\AppServ\www\mexico-news-travel\lib\yii\web\CWebApplication.php:281
Stack trace:
#0 C:\AppServ\www\mexico-news-travel\lib\yii\web\CWebApplication.php(136): CWebApplication->runController('cdn.lomastravel...')
#1 C:\AppServ\www\mexico-news-travel\lib\yii\base\CApplication.php(158): CWebApplication->processRequest()
#2 C:\AppServ\www\mexico-news-travel\es\index.php(24): CApplication->run()
#3 {main} REQUEST_URI=/es//cdn.lomastravel.com.mx/img_promociones/1433970399ad1da224b7c7d9067a1e95bf5ea80d6b_20150610.jpg
2015/11/06 11:22:12 [error] [exception.CHttpException.404] exception 'CHttpException' with message 'No es posible resolver la solicitud "cdn.lomastravel.com.mx/img_promociones/1434042747ad1da224b7c7d9067a1e95bf5ea80d6b_20150611.jpg"' in C:\AppServ\www\mexico-news-travel\lib\yii\web\CWebApplication.php:281
Stack trace:
#0 C:\AppServ\www\mexico-news-travel\lib\yii\web\CWebApplication.php(136): CWebApplication->runController('cdn.lomastravel...')
#1 C:\AppServ\www\mexico-news-travel\lib\yii\base\CApplication.php(158): CWebApplication->processRequest()
#2 C:\AppServ\www\mexico-news-travel\es\index.php(24): CApplication->run()
#3 {main} REQUEST_URI=/es//cdn.lomastravel.com.mx/img_promociones/1434042747ad1da224b7c7d9067a1e95bf5ea80d6b_20150611.jpg
2015/11/06 11:22:52 [error] [exception.CHttpException.404] exception 'CHttpException' with message 'No es posible resolver la solicitud "cdn.lomastravel.com.mx/img_promociones/1434037766ad1da224b7c7d9067a1e95bf5ea80d6b_20150611.jpg"' in C:\AppServ\www\mexico-news-travel\lib\yii\web\CWebApplication.php:281
Stack trace:
#0 C:\AppServ\www\mexico-news-travel\lib\yii\web\CWebApplication.php(136): CWebApplication->runController('cdn.lomastravel...')
#1 C:\AppServ\www\mexico-news-travel\lib\yii\base\CApplication.php(158): CWebApplication->processRequest()
#2 C:\AppServ\www\mexico-news-travel\es\index.php(24): CApplication->run()
#3 {main} REQUEST_URI=/es//cdn.lomastravel.com.mx/img_promociones/1434037766ad1da224b7c7d9067a1e95bf5ea80d6b_20150611.jpg
2015/11/06 11:22:53 [error] [exception.CHttpException.404] exception 'CHttpException' with message 'No es posible resolver la solicitud "cdn.lomastravel.com.mx/img_promociones/1433970399ad1da224b7c7d9067a1e95bf5ea80d6b_20150610.jpg"' in C:\AppServ\www\mexico-news-travel\lib\yii\web\CWebApplication.php:281
Stack trace:
#0 C:\AppServ\www\mexico-news-travel\lib\yii\web\CWebApplication.php(136): CWebApplication->runController('cdn.lomastravel...')
#1 C:\AppServ\www\mexico-news-travel\lib\yii\base\CApplication.php(158): CWebApplication->processRequest()
#2 C:\AppServ\www\mexico-news-travel\es\index.php(24): CApplication->run()
#3 {main} REQUEST_URI=/es//cdn.lomastravel.com.mx/img_promociones/1433970399ad1da224b7c7d9067a1e95bf5ea80d6b_20150610.jpg
2015/11/06 11:22:54 [error] [exception.CHttpException.404] exception 'CHttpException' with message 'No es posible resolver la solicitud "cdn.lomastravel.com.mx/img_promociones/1434042747ad1da224b7c7d9067a1e95bf5ea80d6b_20150611.jpg"' in C:\AppServ\www\mexico-news-travel\lib\yii\web\CWebApplication.php:281
Stack trace:
#0 C:\AppServ\www\mexico-news-travel\lib\yii\web\CWebApplication.php(136): CWebApplication->runController('cdn.lomastravel...')
#1 C:\AppServ\www\mexico-news-travel\lib\yii\base\CApplication.php(158): CWebApplication->processRequest()
#2 C:\AppServ\www\mexico-news-travel\es\index.php(24): CApplication->run()
#3 {main} REQUEST_URI=/es//cdn.lomastravel.com.mx/img_promociones/1434042747ad1da224b7c7d9067a1e95bf5ea80d6b_20150611.jpg
2015/11/06 11:23:20 [error] [exception.CHttpException.404] exception 'CHttpException' with message 'No es posible resolver la solicitud "cdn.lomastravel.com.mx/img_promociones/1433970399ad1da224b7c7d9067a1e95bf5ea80d6b_20150610.jpg"' in C:\AppServ\www\mexico-news-travel\lib\yii\web\CWebApplication.php:281
Stack trace:
#0 C:\AppServ\www\mexico-news-travel\lib\yii\web\CWebApplication.php(136): CWebApplication->runController('cdn.lomastravel...')
#1 C:\AppServ\www\mexico-news-travel\lib\yii\base\CApplication.php(158): CWebApplication->processRequest()
#2 C:\AppServ\www\mexico-news-travel\es\index.php(24): CApplication->run()
#3 {main} REQUEST_URI=/es//cdn.lomastravel.com.mx/img_promociones/1433970399ad1da224b7c7d9067a1e95bf5ea80d6b_20150610.jpg
2015/11/06 11:23:20 [error] [exception.CHttpException.404] exception 'CHttpException' with message 'No es posible resolver la solicitud "cdn.lomastravel.com.mx/img_promociones/1434042747ad1da224b7c7d9067a1e95bf5ea80d6b_20150611.jpg"' in C:\AppServ\www\mexico-news-travel\lib\yii\web\CWebApplication.php:281
Stack trace:
#0 C:\AppServ\www\mexico-news-travel\lib\yii\web\CWebApplication.php(136): CWebApplication->runController('cdn.lomastravel...')
#1 C:\AppServ\www\mexico-news-travel\lib\yii\base\CApplication.php(158): CWebApplication->processRequest()
#2 C:\AppServ\www\mexico-news-travel\es\index.php(24): CApplication->run()
#3 {main} REQUEST_URI=/es//cdn.lomastravel.com.mx/img_promociones/1434042747ad1da224b7c7d9067a1e95bf5ea80d6b_20150611.jpg
2015/11/06 11:23:21 [error] [exception.CHttpException.404] exception 'CHttpException' with message 'No es posible resolver la solicitud "cdn.lomastravel.com.mx/img_promociones/1434037766ad1da224b7c7d9067a1e95bf5ea80d6b_20150611.jpg"' in C:\AppServ\www\mexico-news-travel\lib\yii\web\CWebApplication.php:281
Stack trace:
#0 C:\AppServ\www\mexico-news-travel\lib\yii\web\CWebApplication.php(136): CWebApplication->runController('cdn.lomastravel...')
#1 C:\AppServ\www\mexico-news-travel\lib\yii\base\CApplication.php(158): CWebApplication->processRequest()
#2 C:\AppServ\www\mexico-news-travel\es\index.php(24): CApplication->run()
#3 {main} REQUEST_URI=/es//cdn.lomastravel.com.mx/img_promociones/1434037766ad1da224b7c7d9067a1e95bf5ea80d6b_20150611.jpg
2015/11/06 11:24:59 [error] [exception.CHttpException.404] exception 'CHttpException' with message 'No es posible resolver la solicitud "cdn.lomastravel.com.mx/img_promociones/1433970399ad1da224b7c7d9067a1e95bf5ea80d6b_20150610.jpg"' in C:\AppServ\www\mexico-news-travel\lib\yii\web\CWebApplication.php:281
Stack trace:
#0 C:\AppServ\www\mexico-news-travel\lib\yii\web\CWebApplication.php(136): CWebApplication->runController('cdn.lomastravel...')
#1 C:\AppServ\www\mexico-news-travel\lib\yii\base\CApplication.php(158): CWebApplication->processRequest()
#2 C:\AppServ\www\mexico-news-travel\es\index.php(24): CApplication->run()
#3 {main} REQUEST_URI=/es//cdn.lomastravel.com.mx/img_promociones/1433970399ad1da224b7c7d9067a1e95bf5ea80d6b_20150610.jpg
2015/11/06 11:24:59 [error] [exception.CHttpException.404] exception 'CHttpException' with message 'No es posible resolver la solicitud "cdn.lomastravel.com.mx/img_promociones/1434037766ad1da224b7c7d9067a1e95bf5ea80d6b_20150611.jpg"' in C:\AppServ\www\mexico-news-travel\lib\yii\web\CWebApplication.php:281
Stack trace:
#0 C:\AppServ\www\mexico-news-travel\lib\yii\web\CWebApplication.php(136): CWebApplication->runController('cdn.lomastravel...')
#1 C:\AppServ\www\mexico-news-travel\lib\yii\base\CApplication.php(158): CWebApplication->processRequest()
#2 C:\AppServ\www\mexico-news-travel\es\index.php(24): CApplication->run()
#3 {main} REQUEST_URI=/es//cdn.lomastravel.com.mx/img_promociones/1434037766ad1da224b7c7d9067a1e95bf5ea80d6b_20150611.jpg
2015/11/06 11:25:00 [error] [exception.CHttpException.404] exception 'CHttpException' with message 'No es posible resolver la solicitud "cdn.lomastravel.com.mx/img_promociones/1434042747ad1da224b7c7d9067a1e95bf5ea80d6b_20150611.jpg"' in C:\AppServ\www\mexico-news-travel\lib\yii\web\CWebApplication.php:281
Stack trace:
#0 C:\AppServ\www\mexico-news-travel\lib\yii\web\CWebApplication.php(136): CWebApplication->runController('cdn.lomastravel...')
#1 C:\AppServ\www\mexico-news-travel\lib\yii\base\CApplication.php(158): CWebApplication->processRequest()
#2 C:\AppServ\www\mexico-news-travel\es\index.php(24): CApplication->run()
#3 {main} REQUEST_URI=/es//cdn.lomastravel.com.mx/img_promociones/1434042747ad1da224b7c7d9067a1e95bf5ea80d6b_20150611.jpg
2015/11/06 11:28:12 [error] [exception.CHttpException.404] exception 'CHttpException' with message 'No es posible resolver la solicitud "cdn.lomastravel.com.mx/img_promociones/1433970399ad1da224b7c7d9067a1e95bf5ea80d6b_20150610.jpg"' in C:\AppServ\www\mexico-news-travel\lib\yii\web\CWebApplication.php:281
Stack trace:
#0 C:\AppServ\www\mexico-news-travel\lib\yii\web\CWebApplication.php(136): CWebApplication->runController('cdn.lomastravel...')
#1 C:\AppServ\www\mexico-news-travel\lib\yii\base\CApplication.php(158): CWebApplication->processRequest()
#2 C:\AppServ\www\mexico-news-travel\es\index.php(24): CApplication->run()
#3 {main} REQUEST_URI=/es//cdn.lomastravel.com.mx/img_promociones/1433970399ad1da224b7c7d9067a1e95bf5ea80d6b_20150610.jpg
2015/11/06 11:28:13 [error] [exception.CHttpException.404] exception 'CHttpException' with message 'No es posible resolver la solicitud "cdn.lomastravel.com.mx/img_promociones/1434037766ad1da224b7c7d9067a1e95bf5ea80d6b_20150611.jpg"' in C:\AppServ\www\mexico-news-travel\lib\yii\web\CWebApplication.php:281
Stack trace:
#0 C:\AppServ\www\mexico-news-travel\lib\yii\web\CWebApplication.php(136): CWebApplication->runController('cdn.lomastravel...')
#1 C:\AppServ\www\mexico-news-travel\lib\yii\base\CApplication.php(158): CWebApplication->processRequest()
#2 C:\AppServ\www\mexico-news-travel\es\index.php(24): CApplication->run()
#3 {main} REQUEST_URI=/es//cdn.lomastravel.com.mx/img_promociones/1434037766ad1da224b7c7d9067a1e95bf5ea80d6b_20150611.jpg
2015/11/06 11:28:14 [error] [exception.CHttpException.404] exception 'CHttpException' with message 'No es posible resolver la solicitud "cdn.lomastravel.com.mx/img_promociones/1434042747ad1da224b7c7d9067a1e95bf5ea80d6b_20150611.jpg"' in C:\AppServ\www\mexico-news-travel\lib\yii\web\CWebApplication.php:281
Stack trace:
#0 C:\AppServ\www\mexico-news-travel\lib\yii\web\CWebApplication.php(136): CWebApplication->runController('cdn.lomastravel...')
#1 C:\AppServ\www\mexico-news-travel\lib\yii\base\CApplication.php(158): CWebApplication->processRequest()
#2 C:\AppServ\www\mexico-news-travel\es\index.php(24): CApplication->run()
#3 {main} REQUEST_URI=/es//cdn.lomastravel.com.mx/img_promociones/1434042747ad1da224b7c7d9067a1e95bf5ea80d6b_20150611.jpg
2015/11/06 11:28:31 [error] [exception.CHttpException.404] exception 'CHttpException' with message 'No es posible resolver la solicitud "cdn.lomastravel.com.mx/img_promociones/1434037766ad1da224b7c7d9067a1e95bf5ea80d6b_20150611.jpg"' in C:\AppServ\www\mexico-news-travel\lib\yii\web\CWebApplication.php:281
Stack trace:
#0 C:\AppServ\www\mexico-news-travel\lib\yii\web\CWebApplication.php(136): CWebApplication->runController('cdn.lomastravel...')
#1 C:\AppServ\www\mexico-news-travel\lib\yii\base\CApplication.php(158): CWebApplication->processRequest()
#2 C:\AppServ\www\mexico-news-travel\es\index.php(24): CApplication->run()
#3 {main} REQUEST_URI=/es//cdn.lomastravel.com.mx/img_promociones/1434037766ad1da224b7c7d9067a1e95bf5ea80d6b_20150611.jpg
2015/11/06 11:28:32 [error] [exception.CHttpException.404] exception 'CHttpException' with message 'No es posible resolver la solicitud "cdn.lomastravel.com.mx/img_promociones/1434042747ad1da224b7c7d9067a1e95bf5ea80d6b_20150611.jpg"' in C:\AppServ\www\mexico-news-travel\lib\yii\web\CWebApplication.php:281
Stack trace:
#0 C:\AppServ\www\mexico-news-travel\lib\yii\web\CWebApplication.php(136): CWebApplication->runController('cdn.lomastravel...')
#1 C:\AppServ\www\mexico-news-travel\lib\yii\base\CApplication.php(158): CWebApplication->processRequest()
#2 C:\AppServ\www\mexico-news-travel\es\index.php(24): CApplication->run()
#3 {main} REQUEST_URI=/es//cdn.lomastravel.com.mx/img_promociones/1434042747ad1da224b7c7d9067a1e95bf5ea80d6b_20150611.jpg
2015/11/06 11:28:33 [error] [exception.CHttpException.404] exception 'CHttpException' with message 'No es posible resolver la solicitud "cdn.lomastravel.com.mx/img_promociones/1433970399ad1da224b7c7d9067a1e95bf5ea80d6b_20150610.jpg"' in C:\AppServ\www\mexico-news-travel\lib\yii\web\CWebApplication.php:281
Stack trace:
#0 C:\AppServ\www\mexico-news-travel\lib\yii\web\CWebApplication.php(136): CWebApplication->runController('cdn.lomastravel...')
#1 C:\AppServ\www\mexico-news-travel\lib\yii\base\CApplication.php(158): CWebApplication->processRequest()
#2 C:\AppServ\www\mexico-news-travel\es\index.php(24): CApplication->run()
#3 {main} REQUEST_URI=/es//cdn.lomastravel.com.mx/img_promociones/1433970399ad1da224b7c7d9067a1e95bf5ea80d6b_20150610.jpg
2015/11/06 11:29:55 [error] [exception.CHttpException.404] exception 'CHttpException' with message 'No es posible resolver la solicitud "js/page/activities-detail.min.js"' in C:\AppServ\www\mexico-news-travel\lib\yii\web\CWebApplication.php:281
Stack trace:
#0 C:\AppServ\www\mexico-news-travel\lib\yii\web\CWebApplication.php(136): CWebApplication->runController('js/page/activit...')
#1 C:\AppServ\www\mexico-news-travel\lib\yii\base\CApplication.php(158): CWebApplication->processRequest()
#2 C:\AppServ\www\mexico-news-travel\es\index.php(24): CApplication->run()
#3 {main} REQUEST_URI=/es//js/page/activities-detail.min.js?a=1
2015/11/06 11:30:43 [error] [exception.CHttpException.404] exception 'CHttpException' with message 'No es posible resolver la solicitud "oferta/esnã³rquel_puerto_morelos-1160"' in C:\AppServ\www\mexico-news-travel\lib\yii\web\CWebApplication.php:281
Stack trace:
#0 C:\AppServ\www\mexico-news-travel\lib\yii\web\CWebApplication.php(136): CWebApplication->runController('oferta/esn??rqu...')
#1 C:\AppServ\www\mexico-news-travel\lib\yii\base\CApplication.php(158): CWebApplication->processRequest()
#2 C:\AppServ\www\mexico-news-travel\es\index.php(24): CApplication->run()
#3 {main} REQUEST_URI=/es/oferta/esn%E3%B3rquel_puerto_morelos-1160.html?seg=L1160
